# JRE version: OpenJDK Runtime Environment Temurin-17.0.6+10 (17.0.6+10) (build 17.0.6+10)
# Java VM: OpenJDK 64-Bit Server VM Temurin-17.0.6+10 (17.0.6+10, mixed mode, tiered, compressed oops, compressed class ptrs, parallel gc, linux-amd64)
GC Precious Log:
 CPUs: 16 total, 16 available
 Memory: 15930M
 Large Page Support: Disabled
 NUMA Support: Disabled
 Compressed Oops: Enabled (32-bit)
 Alignments: Space 512K, Generation 512K, Heap 2M
 Heap Min Capacity: 100M
 Heap Initial Capacity: 100M
 Heap Max Capacity: 1G
 Pre-touch: Disabled
 Parallel Workers: 13
Heap:
 PSYoungGen      total 6656K, used 736K [0x00000000eab00000, 0x00000000eb300000, 0x0000000100000000)
  eden space 5632K, 0% used [0x00000000eab00000,0x00000000eab00000,0x00000000eb080000)
  from space 1024K, 71% used [0x00000000eb200000,0x00000000eb2b8000,0x00000000eb300000)
  to   space 1024K, 0% used [0x00000000eb100000,0x00000000eb100000,0x00000000eb200000)
 ParOldGen       total 394752K, used 394366K [0x00000000c0000000, 0x00000000d8180000, 0x00000000eab00000)
  object space 394752K, 99% used [0x00000000c0000000,0x00000000d811f8f0,0x00000000d8180000)
 Metaspace       used 111151K, committed 112576K, reserved 1155072K
  class space    used 12252K, committed 12928K, reserved 1048576K
GC Heap History (20 events):
Event: 2945,970 GC heap after
{Heap after GC invocations=8941 (full 272):
 PSYoungGen      total 6656K, used 1018K [0x00000000eab00000, 0x00000000eb480000, 0x0000000100000000)
  eden space 5632K, 0% used [0x00000000eab00000,0x00000000eab00000,0x00000000eb080000)
  from space 1024K, 99% used [0x00000000eb100000,0x00000000eb1fe900,0x00000000eb200000)
  to   space 2048K, 0% used [0x00000000eb280000,0x00000000eb280000,0x00000000eb480000)
 ParOldGen       total 394752K, used 386573K [0x00000000c0000000, 0x00000000d8180000, 0x00000000eab00000)
  object space 394752K, 97% used [0x00000000c0000000,0x00000000d7983658,0x00000000d8180000)
 Metaspace       used 111151K, committed 112576K, reserved 1155072K
  class space    used 12252K, committed 12928K, reserved 1048576K
}
Event: 2945,975 GC heap before
{Heap before GC invocations=8942 (full 272):
 PSYoungGen      total 6656K, used 6650K [0x00000000eab00000, 0x00000000eb480000, 0x0000000100000000)
  eden space 5632K, 100% used [0x00000000eab00000,0x00000000eb080000,0x00000000eb080000)
  from space 1024K, 99% used [0x00000000eb100000,0x00000000eb1fe900,0x00000000eb200000)
  to   space 2048K, 0% used [0x00000000eb280000,0x00000000eb280000,0x00000000eb480000)
 ParOldGen       total 394752K, used 386573K [0x00000000c0000000, 0x00000000d8180000, 0x00000000eab00000)
  object space 394752K, 97% used [0x00000000c0000000,0x00000000d7983658,0x00000000d8180000)
 Metaspace       used 111151K, committed 112576K, reserved 1155072K
  class space    used 12252K, committed 12928K, reserved 1048576K
}
Event: 2945,976 GC heap after
{Heap after GC invocations=8942 (full 272):
 PSYoungGen      total 7168K, used 1130K [0x00000000eab00000, 0x00000000eb400000, 0x0000000100000000)
  eden space 5632K, 0% used [0x00000000eab00000,0x00000000eab00000,0x00000000eb080000)
  from space 1536K, 73% used [0x00000000eb280000,0x00000000eb39a910,0x00000000eb400000)
  to   space 1536K, 0% used [0x00000000eb100000,0x00000000eb100000,0x00000000eb280000)
 ParOldGen       total 394752K, used 387522K [0x00000000c0000000, 0x00000000d8180000, 0x00000000eab00000)
  object space 394752K, 98% used [0x00000000c0000000,0x00000000d7a70878,0x00000000d8180000)
 Metaspace       used 111151K, committed 112576K, reserved 1155072K
  class space    used 12252K, committed 12928K, reserved 1048576K
}
Event: 2945,981 GC heap before
{Heap before GC invocations=8943 (full 272):
 PSYoungGen      total 7168K, used 6762K [0x00000000eab00000, 0x00000000eb400000, 0x0000000100000000)
  eden space 5632K, 100% used [0x00000000eab00000,0x00000000eb080000,0x00000000eb080000)
  from space 1536K, 73% used [0x00000000eb280000,0x00000000eb39a910,0x00000000eb400000)
  to   space 1536K, 0% used [0x00000000eb100000,0x00000000eb100000,0x00000000eb280000)
 ParOldGen       total 394752K, used 387522K [0x00000000c0000000, 0x00000000d8180000, 0x00000000eab00000)
  object space 394752K, 98% used [0x00000000c0000000,0x00000000d7a70878,0x00000000d8180000)
 Metaspace       used 111151K, committed 112576K, reserved 1155072K
  class space    used 12252K, committed 12928K, reserved 1048576K
}
Event: 2945,982 GC heap after
{Heap after GC invocations=8943 (full 272):
 PSYoungGen      total 6656K, used 938K [0x00000000eab00000, 0x00000000eb380000, 0x0000000100000000)
  eden space 5632K, 0% used [0x00000000eab00000,0x00000000eab00000,0x00000000eb080000)
  from space 1024K, 91% used [0x00000000eb100000,0x00000000eb1ea910,0x00000000eb200000)
  to   space 1536K, 0% used [0x00000000eb200000,0x00000000eb200000,0x00000000eb380000)
 ParOldGen       total 394752K, used 388470K [0x00000000c0000000, 0x00000000d8180000, 0x00000000eab00000)
  object space 394752K, 98% used [0x00000000c0000000,0x00000000d7b5da98,0x00000000d8180000)
 Metaspace       used 111151K, committed 112576K, reserved 1155072K
  class space    used 12252K, committed 12928K, reserved 1048576K
}
Event: 2945,985 GC heap before
{Heap before GC invocations=8944 (full 272):
 PSYoungGen      total 6656K, used 6570K [0x00000000eab00000, 0x00000000eb380000, 0x0000000100000000)
  eden space 5632K, 100% used [0x00000000eab00000,0x00000000eb080000,0x00000000eb080000)
  from space 1024K, 91% used [0x00000000eb100000,0x00000000eb1ea910,0x00000000eb200000)
  to   space 1536K, 0% used [0x00000000eb200000,0x00000000eb200000,0x00000000eb380000)
 ParOldGen       total 394752K, used 388470K [0x00000000c0000000, 0x00000000d8180000, 0x00000000eab00000)
  object space 394752K, 98% used [0x00000000c0000000,0x00000000d7b5da98,0x00000000d8180000)
 Metaspace       used 111151K, committed 112576K, reserved 1155072K
  class space    used 12252K, committed 12928K, reserved 1048576K
}
Event: 2945,986 GC heap after
{Heap after GC invocations=8944 (full 272):
 PSYoungGen      total 6656K, used 576K [0x00000000eab00000, 0x00000000eb300000, 0x0000000100000000)
  eden space 5632K, 0% used [0x00000000eab00000,0x00000000eab00000,0x00000000eb080000)
  from space 1024K, 56% used [0x00000000eb200000,0x00000000eb290000,0x00000000eb300000)
  to   space 1024K, 0% used [0x00000000eb100000,0x00000000eb100000,0x00000000eb200000)
 ParOldGen       total 394752K, used 389262K [0x00000000c0000000, 0x00000000d8180000, 0x00000000eab00000)
  object space 394752K, 98% used [0x00000000c0000000,0x00000000d7c23be8,0x00000000d8180000)
 Metaspace       used 111151K, committed 112576K, reserved 1155072K
  class space    used 12252K, committed 12928K, reserved 1048576K
}
Event: 2945,993 GC heap before
{Heap before GC invocations=8945 (full 272):
 PSYoungGen      total 6656K, used 6208K [0x00000000eab00000, 0x00000000eb300000, 0x0000000100000000)
  eden space 5632K, 100% used [0x00000000eab00000,0x00000000eb080000,0x00000000eb080000)
  from space 1024K, 56% used [0x00000000eb200000,0x00000000eb290000,0x00000000eb300000)
  to   space 1024K, 0% used [0x00000000eb100000,0x00000000eb100000,0x00000000eb200000)
 ParOldGen       total 394752K, used 389262K [0x00000000c0000000, 0x00000000d8180000, 0x00000000eab00000)
  object space 394752K, 98% used [0x00000000c0000000,0x00000000d7c23be8,0x00000000d8180000)
 Metaspace       used 111151K, committed 112576K, reserved 1155072K
  class space    used 12252K, committed 12928K, reserved 1048576K
}
Event: 2945,994 GC heap after
{Heap after GC invocations=8945 (full 272):
 PSYoungGen      total 6656K, used 1008K [0x00000000eab00000, 0x00000000eb480000, 0x0000000100000000)
  eden space 5632K, 0% used [0x00000000eab00000,0x00000000eab00000,0x00000000eb080000)
  from space 1024K, 98% used [0x00000000eb100000,0x00000000eb1fc010,0x00000000eb200000)
  to   space 2048K, 0% used [0x00000000eb280000,0x00000000eb280000,0x00000000eb480000)
 ParOldGen       total 394752K, used 390045K [0x00000000c0000000, 0x00000000d8180000, 0x00000000eab00000)
  object space 394752K, 98% used [0x00000000c0000000,0x00000000d7ce77a8,0x00000000d8180000)
 Metaspace       used 111151K, committed 112576K, reserved 1155072K
  class space    used 12252K, committed 12928K, reserved 1048576K
}
Event: 2946,000 GC heap before
{Heap before GC invocations=8946 (full 272):
 PSYoungGen      total 6656K, used 6640K [0x00000000eab00000, 0x00000000eb480000, 0x0000000100000000)
  eden space 5632K, 100% used [0x00000000eab00000,0x00000000eb080000,0x00000000eb080000)
  from space 1024K, 98% used [0x00000000eb100000,0x00000000eb1fc010,0x00000000eb200000)
  to   space 2048K, 0% used [0x00000000eb280000,0x00000000eb280000,0x00000000eb480000)
 ParOldGen       total 394752K, used 390045K [0x00000000c0000000, 0x00000000d8180000, 0x00000000eab00000)
  object space 394752K, 98% used [0x00000000c0000000,0x00000000d7ce77a8,0x00000000d8180000)
 Metaspace       used 111151K, committed 112576K, reserved 1155072K
  class space    used 12252K, committed 12928K, reserved 1048576K
}
Event: 2946,001 GC heap after
{Heap after GC invocations=8946 (full 272):
 PSYoungGen      total 7168K, used 1156K [0x00000000eab00000, 0x00000000eb400000, 0x0000000100000000)
  eden space 5632K, 0% used [0x00000000eab00000,0x00000000eab00000,0x00000000eb080000)
  from space 1536K, 75% used [0x00000000eb280000,0x00000000eb3a1210,0x00000000eb400000)
  to   space 1536K, 0% used [0x00000000eb100000,0x00000000eb100000,0x00000000eb280000)
 ParOldGen       total 394752K, used 391109K [0x00000000c0000000, 0x00000000d8180000, 0x00000000eab00000)
  object space 394752K, 99% used [0x00000000c0000000,0x00000000d7df17b8,0x00000000d8180000)
 Metaspace       used 111151K, committed 112576K, reserved 1155072K
  class space    used 12252K, committed 12928K, reserved 1048576K
}
Event: 2946,004 GC heap before
{Heap before GC invocations=8947 (full 272):
 PSYoungGen      total 7168K, used 6788K [0x00000000eab00000, 0x00000000eb400000, 0x0000000100000000)
  eden space 5632K, 100% used [0x00000000eab00000,0x00000000eb080000,0x00000000eb080000)
  from space 1536K, 75% used [0x00000000eb280000,0x00000000eb3a1210,0x00000000eb400000)
  to   space 1536K, 0% used [0x00000000eb100000,0x00000000eb100000,0x00000000eb280000)
 ParOldGen       total 394752K, used 391109K [0x00000000c0000000, 0x00000000d8180000, 0x00000000eab00000)
  object space 394752K, 99% used [0x00000000c0000000,0x00000000d7df17b8,0x00000000d8180000)
 Metaspace       used 111151K, committed 112576K, reserved 1155072K
  class space    used 12252K, committed 12928K, reserved 1048576K
}
Event: 2946,005 GC heap after
{Heap after GC invocations=8947 (full 272):
 PSYoungGen      total 6144K, used 384K [0x00000000eab00000, 0x00000000eb300000, 0x0000000100000000)
  eden space 5632K, 0% used [0x00000000eab00000,0x00000000eab00000,0x00000000eb080000)
  from space 512K, 75% used [0x00000000eb100000,0x00000000eb160000,0x00000000eb180000)
  to   space 1024K, 0% used [0x00000000eb200000,0x00000000eb200000,0x00000000eb300000)
 ParOldGen       total 394752K, used 392138K [0x00000000c0000000, 0x00000000d8180000, 0x00000000eab00000)
  object space 394752K, 99% used [0x00000000c0000000,0x00000000d7ef2b30,0x00000000d8180000)
 Metaspace       used 111151K, committed 112576K, reserved 1155072K
  class space    used 12252K, committed 12928K, reserved 1048576K
}
Event: 2946,010 GC heap before
{Heap before GC invocations=8948 (full 272):
 PSYoungGen      total 6144K, used 6016K [0x00000000eab00000, 0x00000000eb300000, 0x0000000100000000)
  eden space 5632K, 100% used [0x00000000eab00000,0x00000000eb080000,0x00000000eb080000)
  from space 512K, 75% used [0x00000000eb100000,0x00000000eb160000,0x00000000eb180000)
  to   space 1024K, 0% used [0x00000000eb200000,0x00000000eb200000,0x00000000eb300000)
 ParOldGen       total 394752K, used 392138K [0x00000000c0000000, 0x00000000d8180000, 0x00000000eab00000)
  object space 394752K, 99% used [0x00000000c0000000,0x00000000d7ef2b30,0x00000000d8180000)
 Metaspace       used 111151K, committed 112576K, reserved 1155072K
  class space    used 12252K, committed 12928K, reserved 1048576K
}
Event: 2946,010 GC heap after
{Heap after GC invocations=8948 (full 272):
 PSYoungGen      total 6656K, used 1024K [0x00000000eab00000, 0x00000000eb380000, 0x0000000100000000)
  eden space 5632K, 0% used [0x00000000eab00000,0x00000000eab00000,0x00000000eb080000)
  from space 1024K, 100% used [0x00000000eb200000,0x00000000eb300000,0x00000000eb300000)
  to   space 1536K, 0% used [0x00000000eb080000,0x00000000eb080000,0x00000000eb200000)
 ParOldGen       total 394752K, used 392346K [0x00000000c0000000, 0x00000000d8180000, 0x00000000eab00000)
  object space 394752K, 99% used [0x00000000c0000000,0x00000000d7f26b30,0x00000000d8180000)
 Metaspace       used 111151K, committed 112576K, reserved 1155072K
  class space    used 12252K, committed 12928K, reserved 1048576K
}
Event: 2946,017 GC heap before
{Heap before GC invocations=8949 (full 272):
 PSYoungGen      total 6656K, used 6656K [0x00000000eab00000, 0x00000000eb380000, 0x0000000100000000)
  eden space 5632K, 100% used [0x00000000eab00000,0x00000000eb080000,0x00000000eb080000)
  from space 1024K, 100% used [0x00000000eb200000,0x00000000eb300000,0x00000000eb300000)
  to   space 1536K, 0% used [0x00000000eb080000,0x00000000eb080000,0x00000000eb200000)
 ParOldGen       total 394752K, used 392346K [0x00000000c0000000, 0x00000000d8180000, 0x00000000eab00000)
  object space 394752K, 99% used [0x00000000c0000000,0x00000000d7f26b30,0x00000000d8180000)
 Metaspace       used 111151K, committed 112576K, reserved 1155072K
  class space    used 12252K, committed 12928K, reserved 1048576K
}
Event: 2946,018 GC heap after
{Heap after GC invocations=8949 (full 272):
 PSYoungGen      total 7168K, used 1338K [0x00000000eab00000, 0x00000000eb380000, 0x0000000100000000)
  eden space 5632K, 0% used [0x00000000eab00000,0x00000000eab00000,0x00000000eb080000)
  from space 1536K, 87% used [0x00000000eb080000,0x00000000eb1ce900,0x00000000eb200000)
  to   space 1536K, 0% used [0x00000000eb200000,0x00000000eb200000,0x00000000eb380000)
 ParOldGen       total 394752K, used 393266K [0x00000000c0000000, 0x00000000d8180000, 0x00000000eab00000)
  object space 394752K, 99% used [0x00000000c0000000,0x00000000d800cb40,0x00000000d8180000)
 Metaspace       used 111151K, committed 112576K, reserved 1155072K
  class space    used 12252K, committed 12928K, reserved 1048576K
}
Event: 2946,021 GC heap before
{Heap before GC invocations=8950 (full 272):
 PSYoungGen      total 7168K, used 6970K [0x00000000eab00000, 0x00000000eb380000, 0x0000000100000000)
  eden space 5632K, 100% used [0x00000000eab00000,0x00000000eb080000,0x00000000eb080000)
  from space 1536K, 87% used [0x00000000eb080000,0x00000000eb1ce900,0x00000000eb200000)
  to   space 1536K, 0% used [0x00000000eb200000,0x00000000eb200000,0x00000000eb380000)
 ParOldGen       total 394752K, used 393266K [0x00000000c0000000, 0x00000000d8180000, 0x00000000eab00000)
  object space 394752K, 99% used [0x00000000c0000000,0x00000000d800cb40,0x00000000d8180000)
 Metaspace       used 111151K, committed 112576K, reserved 1155072K
  class space    used 12252K, committed 12928K, reserved 1048576K
}
Event: 2946,022 GC heap after
{Heap after GC invocations=8950 (full 272):
 PSYoungGen      total 6656K, used 736K [0x00000000eab00000, 0x00000000eb300000, 0x0000000100000000)
  eden space 5632K, 0% used [0x00000000eab00000,0x00000000eab00000,0x00000000eb080000)
  from space 1024K, 71% used [0x00000000eb200000,0x00000000eb2b8000,0x00000000eb300000)
  to   space 1024K, 0% used [0x00000000eb100000,0x00000000eb100000,0x00000000eb200000)
 ParOldGen       total 394752K, used 394366K [0x00000000c0000000, 0x00000000d8180000, 0x00000000eab00000)
  object space 394752K, 99% used [0x00000000c0000000,0x00000000d811f8f0,0x00000000d8180000)
 Metaspace       used 111151K, committed 112576K, reserved 1155072K
  class space    used 12252K, committed 12928K, reserved 1048576K
}
Event: 2946,022 GC heap before
{Heap before GC invocations=8951 (full 273):
 PSYoungGen      total 6656K, used 736K [0x00000000eab00000, 0x00000000eb300000, 0x0000000100000000)
  eden space 5632K, 0% used [0x00000000eab00000,0x00000000eab00000,0x00000000eb080000)
  from space 1024K, 71% used [0x00000000eb200000,0x00000000eb2b8000,0x00000000eb300000)
  to   space 1024K, 0% used [0x00000000eb100000,0x00000000eb100000,0x00000000eb200000)
 ParOldGen       total 394752K, used 394366K [0x00000000c0000000, 0x00000000d8180000, 0x00000000eab00000)
  object space 394752K, 99% used [0x00000000c0000000,0x00000000d811f8f0,0x00000000d8180000)
 Metaspace       used 111151K, committed 112576K, reserved 1155072K
  class space    used 12252K, committed 12928K, reserved 1048576K
}

